0 info it worked if it ends with ok
1 verbose cli [ 'C:\\Program Files\\nodejs\\node.exe',
1 verbose cli   'C:\\Program Files\\nodejs\\node_modules\\npm\\bin\\npm-cli.js',
1 verbose cli   'i' ]
2 info using npm@3.10.8
3 info using node@v6.9.1
4 silly loadCurrentTree Starting
5 silly install loadCurrentTree
6 silly install readLocalPackageData
7 silly install normalizeTree
8 silly loadCurrentTree Finishing
9 silly loadIdealTree Starting
10 silly install loadIdealTree
11 silly cloneCurrentTree Starting
12 silly install cloneCurrentTreeToIdealTree
13 silly cloneCurrentTree Finishing
14 silly loadShrinkwrap Starting
15 silly install loadShrinkwrap
16 silly loadShrinkwrap Finishing
17 silly loadAllDepsIntoIdealTree Starting
18 silly install loadAllDepsIntoIdealTree
19 silly fetchNamedPackageData electron
20 silly mapToRegistry name electron
21 silly mapToRegistry using default registry
22 silly mapToRegistry registry http://registry.npmjs.org/
23 silly mapToRegistry data Result {
23 silly mapToRegistry   raw: 'electron',
23 silly mapToRegistry   scope: null,
23 silly mapToRegistry   escapedName: 'electron',
23 silly mapToRegistry   name: 'electron',
23 silly mapToRegistry   rawSpec: '',
23 silly mapToRegistry   spec: 'latest',
23 silly mapToRegistry   type: 'tag' }
24 silly mapToRegistry uri http://registry.npmjs.org/electron
25 verbose request uri http://registry.npmjs.org/electron
26 verbose request no auth needed
27 info attempt registry request try #1 at 11:50:30 AM
28 verbose request id 34c5a23ca7bc76b1
29 verbose etag W/"58da20e5-144fc"
30 verbose lastModified Tue, 28 Mar 2017 08:37:57 GMT
31 http request GET http://registry.npmjs.org/electron
32 http 304 http://registry.npmjs.org/electron
33 verbose headers { date: 'Tue, 28 Mar 2017 08:50:32 GMT',
33 verbose headers   via: '1.1 varnish',
33 verbose headers   'cache-control': 'max-age=300',
33 verbose headers   etag: 'W/"58da20e5-144fc"',
33 verbose headers   age: '78',
33 verbose headers   connection: 'keep-alive',
33 verbose headers   'x-served-by': 'cache-hhn1532-HHN',
33 verbose headers   'x-cache': 'HIT',
33 verbose headers   'x-cache-hits': '1',
33 verbose headers   'x-timer': 'S1490691032.624865,VS0,VE0',
33 verbose headers   vary: 'Accept-Encoding' }
34 silly get cb [ 304,
34 silly get   { date: 'Tue, 28 Mar 2017 08:50:32 GMT',
34 silly get     via: '1.1 varnish',
34 silly get     'cache-control': 'max-age=300',
34 silly get     etag: 'W/"58da20e5-144fc"',
34 silly get     age: '78',
34 silly get     connection: 'keep-alive',
34 silly get     'x-served-by': 'cache-hhn1532-HHN',
34 silly get     'x-cache': 'HIT',
34 silly get     'x-cache-hits': '1',
34 silly get     'x-timer': 'S1490691032.624865,VS0,VE0',
34 silly get     vary: 'Accept-Encoding' } ]
35 verbose etag http://registry.npmjs.org/electron from cache
36 verbose get saving electron to C:\Users\dpriadko\AppData\Roaming\npm-cache\registry.npmjs.org\electron\.cache.json
37 verbose correctMkdir C:\Users\dpriadko\AppData\Roaming\npm-cache correctMkdir not in flight; initializing
38 silly resolveWithNewModule electron@1.6.2 checking installable status
39 silly cache add args [ 'electron@^1.6.1', null ]
40 verbose cache add spec electron@^1.6.1
41 silly cache add parsed spec Result {
41 silly cache add   raw: 'electron@^1.6.1',
41 silly cache add   scope: null,
41 silly cache add   escapedName: 'electron',
41 silly cache add   name: 'electron',
41 silly cache add   rawSpec: '^1.6.1',
41 silly cache add   spec: '>=1.6.1 <2.0.0',
41 silly cache add   type: 'range' }
42 silly addNamed electron@>=1.6.1 <2.0.0
43 verbose addNamed ">=1.6.1 <2.0.0" is a valid semver range for electron
44 silly addNameRange { name: 'electron', range: '>=1.6.1 <2.0.0', hasData: false }
45 silly mapToRegistry name electron
46 silly mapToRegistry using default registry
47 silly mapToRegistry registry http://registry.npmjs.org/
48 silly mapToRegistry data Result {
48 silly mapToRegistry   raw: 'electron',
48 silly mapToRegistry   scope: null,
48 silly mapToRegistry   escapedName: 'electron',
48 silly mapToRegistry   name: 'electron',
48 silly mapToRegistry   rawSpec: '',
48 silly mapToRegistry   spec: 'latest',
48 silly mapToRegistry   type: 'tag' }
49 silly mapToRegistry uri http://registry.npmjs.org/electron
50 verbose addNameRange registry:http://registry.npmjs.org/electron not in flight; fetching
51 verbose get http://registry.npmjs.org/electron not expired, no request
52 silly addNameRange number 2 { name: 'electron', range: '>=1.6.1 <2.0.0', hasData: true }
53 silly addNameRange versions [ 'electron',
53 silly addNameRange   [ '0.1.0',
53 silly addNameRange     '0.1.1',
53 silly addNameRange     '0.1.2',
53 silly addNameRange     '0.2.0',
53 silly addNameRange     '0.2.1',
53 silly addNameRange     '0.3.0',
53 silly addNameRange     '0.4.0',
53 silly addNameRange     '0.4.1',
53 silly addNameRange     '1.3.1',
53 silly addNameRange     '1.3.2',
53 silly addNameRange     '1.3.3',
53 silly addNameRange     '1.3.4',
53 silly addNameRange     '1.3.5',
53 silly addNameRange     '1.3.6',
53 silly addNameRange     '1.4.0',
53 silly addNameRange     '1.4.1',
53 silly addNameRange     '1.3.7',
53 silly addNameRange     '1.4.2',
53 silly addNameRange     '1.4.3',
53 silly addNameRange     '1.4.4',
53 silly addNameRange     '1.3.8',
53 silly addNameRange     '1.4.5',
53 silly addNameRange     '1.4.6',
53 silly addNameRange     '1.4.7',
53 silly addNameRange     '1.3.9',
53 silly addNameRange     '1.3.10',
53 silly addNameRange     '1.4.8',
53 silly addNameRange     '1.3.12',
53 silly addNameRange     '1.4.10',
53 silly addNameRange     '1.3.13',
53 silly addNameRange     '1.4.11',
53 silly addNameRange     '1.4.12',
53 silly addNameRange     '1.4.13',
53 silly addNameRange     '1.4.14',
53 silly addNameRange     '1.4.15',
53 silly addNameRange     '1.5.0',
53 silly addNameRange     '1.5.1',
53 silly addNameRange     '1.6.0',
53 silly addNameRange     '1.6.1',
53 silly addNameRange     '1.6.2',
53 silly addNameRange     '1.6.3',
53 silly addNameRange     '1.3.14',
53 silly addNameRange     '1.6.4' ] ]
54 silly addNamed electron@1.6.2
55 verbose addNamed "1.6.2" is a plain semver version for electron
56 silly cache afterAdd electron@1.6.2
57 verbose afterAdd C:\Users\dpriadko\AppData\Roaming\npm-cache\electron\1.6.2\package\package.json not in flight; writing
58 verbose correctMkdir C:\Users\dpriadko\AppData\Roaming\npm-cache correctMkdir not in flight; initializing
59 verbose afterAdd C:\Users\dpriadko\AppData\Roaming\npm-cache\electron\1.6.2\package\package.json written
60 silly fetchNamedPackageData electron-download
61 silly mapToRegistry name electron-download
62 silly mapToRegistry using default registry
63 silly mapToRegistry registry http://registry.npmjs.org/
64 silly mapToRegistry data Result {
64 silly mapToRegistry   raw: 'electron-download',
64 silly mapToRegistry   scope: null,
64 silly mapToRegistry   escapedName: 'electron-download',
64 silly mapToRegistry   name: 'electron-download',
64 silly mapToRegistry   rawSpec: '',
64 silly mapToRegistry   spec: 'latest',
64 silly mapToRegistry   type: 'tag' }
65 silly mapToRegistry uri http://registry.npmjs.org/electron-download
66 verbose request uri http://registry.npmjs.org/electron-download
67 verbose request no auth needed
68 info attempt registry request try #1 at 11:50:31 AM
69 verbose etag W/"58a29184-b76f"
70 verbose lastModified Tue, 14 Feb 2017 05:11:32 GMT
71 http request GET http://registry.npmjs.org/electron-download
72 http 304 http://registry.npmjs.org/electron-download
73 verbose headers { date: 'Tue, 28 Mar 2017 08:50:32 GMT',
73 verbose headers   via: '1.1 varnish',
73 verbose headers   'cache-control': 'max-age=300',
73 verbose headers   etag: 'W/"58a29184-b76f"',
73 verbose headers   age: '261',
73 verbose headers   connection: 'keep-alive',
73 verbose headers   'x-served-by': 'cache-hhn1532-HHN',
73 verbose headers   'x-cache': 'HIT',
73 verbose headers   'x-cache-hits': '3',
73 verbose headers   'x-timer': 'S1490691032.731882,VS0,VE0',
73 verbose headers   vary: 'Accept-Encoding' }
74 silly get cb [ 304,
74 silly get   { date: 'Tue, 28 Mar 2017 08:50:32 GMT',
74 silly get     via: '1.1 varnish',
74 silly get     'cache-control': 'max-age=300',
74 silly get     etag: 'W/"58a29184-b76f"',
74 silly get     age: '261',
74 silly get     connection: 'keep-alive',
74 silly get     'x-served-by': 'cache-hhn1532-HHN',
74 silly get     'x-cache': 'HIT',
74 silly get     'x-cache-hits': '3',
74 silly get     'x-timer': 'S1490691032.731882,VS0,VE0',
74 silly get     vary: 'Accept-Encoding' } ]
75 verbose etag http://registry.npmjs.org/electron-download from cache
76 verbose get saving electron-download to C:\Users\dpriadko\AppData\Roaming\npm-cache\registry.npmjs.org\electron-download\.cache.json
77 verbose correctMkdir C:\Users\dpriadko\AppData\Roaming\npm-cache correctMkdir not in flight; initializing
78 silly resolveWithNewModule electron-download@3.3.0 checking installable status
79 silly cache add args [ 'electron-download@^3.0.1', null ]
80 verbose cache add spec electron-download@^3.0.1
81 silly cache add parsed spec Result {
81 silly cache add   raw: 'electron-download@^3.0.1',
81 silly cache add   scope: null,
81 silly cache add   escapedName: 'electron-download',
81 silly cache add   name: 'electron-download',
81 silly cache add   rawSpec: '^3.0.1',
81 silly cache add   spec: '>=3.0.1 <4.0.0',
81 silly cache add   type: 'range' }
82 silly addNamed electron-download@>=3.0.1 <4.0.0
83 verbose addNamed ">=3.0.1 <4.0.0" is a valid semver range for electron-download
84 silly addNameRange { name: 'electron-download',
84 silly addNameRange   range: '>=3.0.1 <4.0.0',
84 silly addNameRange   hasData: false }
85 silly mapToRegistry name electron-download
86 silly mapToRegistry using default registry
87 silly mapToRegistry registry http://registry.npmjs.org/
88 silly mapToRegistry data Result {
88 silly mapToRegistry   raw: 'electron-download',
88 silly mapToRegistry   scope: null,
88 silly mapToRegistry   escapedName: 'electron-download',
88 silly mapToRegistry   name: 'electron-download',
88 silly mapToRegistry   rawSpec: '',
88 silly mapToRegistry   spec: 'latest',
88 silly mapToRegistry   type: 'tag' }
89 silly mapToRegistry uri http://registry.npmjs.org/electron-download
90 verbose addNameRange registry:http://registry.npmjs.org/electron-download not in flight; fetching
91 verbose get http://registry.npmjs.org/electron-download not expired, no request
92 silly addNameRange number 2 { name: 'electron-download',
92 silly addNameRange   range: '>=3.0.1 <4.0.0',
92 silly addNameRange   hasData: true }
93 silly addNameRange versions [ 'electron-download',
93 silly addNameRange   [ '1.0.0',
93 silly addNameRange     '1.0.1',
93 silly addNameRange     '1.0.2',
93 silly addNameRange     '1.0.3',
93 silly addNameRange     '1.0.4',
93 silly addNameRange     '1.0.5',
93 silly addNameRange     '1.0.6',
93 silly addNameRange     '1.0.7',
93 silly addNameRange     '1.0.8',
93 silly addNameRange     '1.1.0',
93 silly addNameRange     '1.2.0',
93 silly addNameRange     '1.3.0',
93 silly addNameRange     '1.4.0',
93 silly addNameRange     '1.4.1',
93 silly addNameRange     '2.0.0',
93 silly addNameRange     '2.1.0',
93 silly addNameRange     '2.1.1',
93 silly addNameRange     '2.1.2',
93 silly addNameRange     '2.2.0',
93 silly addNameRange     '2.2.1',
93 silly addNameRange     '3.0.0',
93 silly addNameRange     '3.0.1',
93 silly addNameRange     '3.0.2',
93 silly addNameRange     '3.1.0',
93 silly addNameRange     '3.2.0',
93 silly addNameRange     '3.3.0',
93 silly addNameRange     '4.0.0' ] ]
94 silly addNamed electron-download@3.3.0
95 verbose addNamed "3.3.0" is a plain semver version for electron-download
96 silly cache afterAdd electron-download@3.3.0
97 verbose afterAdd C:\Users\dpriadko\AppData\Roaming\npm-cache\electron-download\3.3.0\package\package.json not in flight; writing
98 verbose correctMkdir C:\Users\dpriadko\AppData\Roaming\npm-cache correctMkdir not in flight; initializing
99 verbose afterAdd C:\Users\dpriadko\AppData\Roaming\npm-cache\electron-download\3.3.0\package\package.json written
100 silly fetchNamedPackageData fs-extra
101 silly mapToRegistry name fs-extra
102 silly mapToRegistry using default registry
103 silly mapToRegistry registry http://registry.npmjs.org/
104 silly mapToRegistry data Result {
104 silly mapToRegistry   raw: 'fs-extra',
104 silly mapToRegistry   scope: null,
104 silly mapToRegistry   escapedName: 'fs-extra',
104 silly mapToRegistry   name: 'fs-extra',
104 silly mapToRegistry   rawSpec: '',
104 silly mapToRegistry   spec: 'latest',
104 silly mapToRegistry   type: 'tag' }
105 silly mapToRegistry uri http://registry.npmjs.org/fs-extra
106 silly fetchNamedPackageData home-path
107 silly mapToRegistry name home-path
108 silly mapToRegistry using default registry
109 silly mapToRegistry registry http://registry.npmjs.org/
110 silly mapToRegistry data Result {
110 silly mapToRegistry   raw: 'home-path',
110 silly mapToRegistry   scope: null,
110 silly mapToRegistry   escapedName: 'home-path',
110 silly mapToRegistry   name: 'home-path',
110 silly mapToRegistry   rawSpec: '',
110 silly mapToRegistry   spec: 'latest',
110 silly mapToRegistry   type: 'tag' }
111 silly mapToRegistry uri http://registry.npmjs.org/home-path
112 silly fetchNamedPackageData sumchecker
113 silly mapToRegistry name sumchecker
114 silly mapToRegistry using default registry
115 silly mapToRegistry registry http://registry.npmjs.org/
116 silly mapToRegistry data Result {
116 silly mapToRegistry   raw: 'sumchecker',
116 silly mapToRegistry   scope: null,
116 silly mapToRegistry   escapedName: 'sumchecker',
116 silly mapToRegistry   name: 'sumchecker',
116 silly mapToRegistry   rawSpec: '',
116 silly mapToRegistry   spec: 'latest',
116 silly mapToRegistry   type: 'tag' }
117 silly mapToRegistry uri http://registry.npmjs.org/sumchecker
118 verbose request uri http://registry.npmjs.org/home-path
119 verbose request no auth needed
120 info attempt registry request try #1 at 11:50:31 AM
121 verbose etag W/"56d4aba9-2780"
122 verbose lastModified Mon, 29 Feb 2016 20:35:53 GMT
123 http request GET http://registry.npmjs.org/home-path
124 verbose request uri http://registry.npmjs.org/sumchecker
125 verbose request no auth needed
126 info attempt registry request try #1 at 11:50:31 AM
127 verbose etag W/"58c44d58-462e"
128 verbose lastModified Sat, 11 Mar 2017 19:17:44 GMT
129 http request GET http://registry.npmjs.org/sumchecker
130 verbose request uri http://registry.npmjs.org/fs-extra
131 verbose request no auth needed
132 info attempt registry request try #1 at 11:50:31 AM
133 verbose etag W/"58cffc62-1e7bd"
134 verbose lastModified Mon, 20 Mar 2017 15:59:30 GMT
135 http request GET http://registry.npmjs.org/fs-extra
136 http 304 http://registry.npmjs.org/home-path
137 verbose headers { date: 'Tue, 28 Mar 2017 08:50:32 GMT',
137 verbose headers   via: '1.1 varnish',
137 verbose headers   'cache-control': 'max-age=300',
137 verbose headers   etag: 'W/"56d4aba9-2780"',
137 verbose headers   age: '261',
137 verbose headers   connection: 'keep-alive',
137 verbose headers   'x-served-by': 'cache-hhn1532-HHN',
137 verbose headers   'x-cache': 'HIT',
137 verbose headers   'x-cache-hits': '2',
137 verbose headers   'x-timer': 'S1490691032.815901,VS0,VE0',
137 verbose headers   vary: 'Accept-Encoding' }
138 silly get cb [ 304,
138 silly get   { date: 'Tue, 28 Mar 2017 08:50:32 GMT',
138 silly get     via: '1.1 varnish',
138 silly get     'cache-control': 'max-age=300',
138 silly get     etag: 'W/"56d4aba9-2780"',
138 silly get     age: '261',
138 silly get     connection: 'keep-alive',
138 silly get     'x-served-by': 'cache-hhn1532-HHN',
138 silly get     'x-cache': 'HIT',
138 silly get     'x-cache-hits': '2',
138 silly get     'x-timer': 'S1490691032.815901,VS0,VE0',
138 silly get     vary: 'Accept-Encoding' } ]
139 verbose etag http://registry.npmjs.org/home-path from cache
140 verbose get saving home-path to C:\Users\dpriadko\AppData\Roaming\npm-cache\registry.npmjs.org\home-path\.cache.json
141 verbose correctMkdir C:\Users\dpriadko\AppData\Roaming\npm-cache correctMkdir not in flight; initializing
142 silly resolveWithNewModule home-path@1.0.3 checking installable status
143 silly cache add args [ 'home-path@^1.0.1', null ]
144 verbose cache add spec home-path@^1.0.1
145 silly cache add parsed spec Result {
145 silly cache add   raw: 'home-path@^1.0.1',
145 silly cache add   scope: null,
145 silly cache add   escapedName: 'home-path',
145 silly cache add   name: 'home-path',
145 silly cache add   rawSpec: '^1.0.1',
145 silly cache add   spec: '>=1.0.1 <2.0.0',
145 silly cache add   type: 'range' }
146 silly addNamed home-path@>=1.0.1 <2.0.0
147 verbose addNamed ">=1.0.1 <2.0.0" is a valid semver range for home-path
148 silly addNameRange { name: 'home-path', range: '>=1.0.1 <2.0.0', hasData: false }
149 silly mapToRegistry name home-path
150 silly mapToRegistry using default registry
151 silly mapToRegistry registry http://registry.npmjs.org/
152 silly mapToRegistry data Result {
152 silly mapToRegistry   raw: 'home-path',
152 silly mapToRegistry   scope: null,
152 silly mapToRegistry   escapedName: 'home-path',
152 silly mapToRegistry   name: 'home-path',
152 silly mapToRegistry   rawSpec: '',
152 silly mapToRegistry   spec: 'latest',
152 silly mapToRegistry   type: 'tag' }
153 silly mapToRegistry uri http://registry.npmjs.org/home-path
154 verbose addNameRange registry:http://registry.npmjs.org/home-path not in flight; fetching
155 verbose get http://registry.npmjs.org/home-path not expired, no request
156 silly addNameRange number 2 { name: 'home-path', range: '>=1.0.1 <2.0.0', hasData: true }
157 silly addNameRange versions [ 'home-path',
157 silly addNameRange   [ '0.1.0', '0.1.1', '0.1.2', '1.0.0', '1.0.1', '1.0.2', '1.0.3' ] ]
158 silly addNamed home-path@1.0.3
159 verbose addNamed "1.0.3" is a plain semver version for home-path
160 silly cache afterAdd home-path@1.0.3
161 verbose afterAdd C:\Users\dpriadko\AppData\Roaming\npm-cache\home-path\1.0.3\package\package.json not in flight; writing
162 verbose correctMkdir C:\Users\dpriadko\AppData\Roaming\npm-cache correctMkdir not in flight; initializing
163 verbose afterAdd C:\Users\dpriadko\AppData\Roaming\npm-cache\home-path\1.0.3\package\package.json written
164 http 304 http://registry.npmjs.org/fs-extra
165 verbose headers { date: 'Tue, 28 Mar 2017 08:50:32 GMT',
165 verbose headers   via: '1.1 varnish',
165 verbose headers   'cache-control': 'max-age=300',
165 verbose headers   etag: 'W/"58cffc62-1e7bd"',
165 verbose headers   age: '80',
165 verbose headers   connection: 'keep-alive',
165 verbose headers   'x-served-by': 'cache-hhn1537-HHN',
165 verbose headers   'x-cache': 'HIT',
165 verbose headers   'x-cache-hits': '4',
165 verbose headers   'x-timer': 'S1490691032.855321,VS0,VE0',
165 verbose headers   vary: 'Accept-Encoding' }
166 silly get cb [ 304,
166 silly get   { date: 'Tue, 28 Mar 2017 08:50:32 GMT',
166 silly get     via: '1.1 varnish',
166 silly get     'cache-control': 'max-age=300',
166 silly get     etag: 'W/"58cffc62-1e7bd"',
166 silly get     age: '80',
166 silly get     connection: 'keep-alive',
166 silly get     'x-served-by': 'cache-hhn1537-HHN',
166 silly get     'x-cache': 'HIT',
166 silly get     'x-cache-hits': '4',
166 silly get     'x-timer': 'S1490691032.855321,VS0,VE0',
166 silly get     vary: 'Accept-Encoding' } ]
167 verbose etag http://registry.npmjs.org/fs-extra from cache
168 verbose get saving fs-extra to C:\Users\dpriadko\AppData\Roaming\npm-cache\registry.npmjs.org\fs-extra\.cache.json
169 verbose correctMkdir C:\Users\dpriadko\AppData\Roaming\npm-cache correctMkdir not in flight; initializing
170 http 304 http://registry.npmjs.org/sumchecker
171 verbose headers { date: 'Tue, 28 Mar 2017 08:50:32 GMT',
171 verbose headers   via: '1.1 varnish',
171 verbose headers   'cache-control': 'max-age=300',
171 verbose headers   etag: 'W/"58c44d58-462e"',
171 verbose headers   age: '277',
171 verbose headers   connection: 'keep-alive',
171 verbose headers   'x-served-by': 'cache-hhn1541-HHN',
171 verbose headers   'x-cache': 'HIT',
171 verbose headers   'x-cache-hits': '1',
171 verbose headers   'x-timer': 'S1490691032.854305,VS0,VE0',
171 verbose headers   vary: 'Accept-Encoding' }
172 silly get cb [ 304,
172 silly get   { date: 'Tue, 28 Mar 2017 08:50:32 GMT',
172 silly get     via: '1.1 varnish',
172 silly get     'cache-control': 'max-age=300',
172 silly get     etag: 'W/"58c44d58-462e"',
172 silly get     age: '277',
172 silly get     connection: 'keep-alive',
172 silly get     'x-served-by': 'cache-hhn1541-HHN',
172 silly get     'x-cache': 'HIT',
172 silly get     'x-cache-hits': '1',
172 silly get     'x-timer': 'S1490691032.854305,VS0,VE0',
172 silly get     vary: 'Accept-Encoding' } ]
173 verbose etag http://registry.npmjs.org/sumchecker from cache
174 verbose get saving sumchecker to C:\Users\dpriadko\AppData\Roaming\npm-cache\registry.npmjs.org\sumchecker\.cache.json
175 verbose correctMkdir C:\Users\dpriadko\AppData\Roaming\npm-cache correctMkdir not in flight; initializing
176 silly resolveWithNewModule sumchecker@1.3.1 checking installable status
177 silly cache add args [ 'sumchecker@^1.2.0', null ]
178 verbose cache add spec sumchecker@^1.2.0
179 silly cache add parsed spec Result {
179 silly cache add   raw: 'sumchecker@^1.2.0',
179 silly cache add   scope: null,
179 silly cache add   escapedName: 'sumchecker',
179 silly cache add   name: 'sumchecker',
179 silly cache add   rawSpec: '^1.2.0',
179 silly cache add   spec: '>=1.2.0 <2.0.0',
179 silly cache add   type: 'range' }
180 silly addNamed sumchecker@>=1.2.0 <2.0.0
181 verbose addNamed ">=1.2.0 <2.0.0" is a valid semver range for sumchecker
182 silly addNameRange { name: 'sumchecker', range: '>=1.2.0 <2.0.0', hasData: false }
183 silly mapToRegistry name sumchecker
184 silly mapToRegistry using default registry
185 silly mapToRegistry registry http://registry.npmjs.org/
186 silly mapToRegistry data Result {
186 silly mapToRegistry   raw: 'sumchecker',
186 silly mapToRegistry   scope: null,
186 silly mapToRegistry   escapedName: 'sumchecker',
186 silly mapToRegistry   name: 'sumchecker',
186 silly mapToRegistry   rawSpec: '',
186 silly mapToRegistry   spec: 'latest',
186 silly mapToRegistry   type: 'tag' }
187 silly mapToRegistry uri http://registry.npmjs.org/sumchecker
188 verbose addNameRange registry:http://registry.npmjs.org/sumchecker not in flight; fetching
189 silly resolveWithNewModule fs-extra@0.30.0 checking installable status
190 silly cache add args [ 'fs-extra@^0.30.0', null ]
191 verbose cache add spec fs-extra@^0.30.0
192 silly cache add parsed spec Result {
192 silly cache add   raw: 'fs-extra@^0.30.0',
192 silly cache add   scope: null,
192 silly cache add   escapedName: 'fs-extra',
192 silly cache add   name: 'fs-extra',
192 silly cache add   rawSpec: '^0.30.0',
192 silly cache add   spec: '>=0.30.0 <0.31.0',
192 silly cache add   type: 'range' }
193 silly addNamed fs-extra@>=0.30.0 <0.31.0
194 verbose addNamed ">=0.30.0 <0.31.0" is a valid semver range for fs-extra
195 silly addNameRange { name: 'fs-extra', range: '>=0.30.0 <0.31.0', hasData: false }
196 silly mapToRegistry name fs-extra
197 silly mapToRegistry using default registry
198 silly mapToRegistry registry http://registry.npmjs.org/
199 silly mapToRegistry data Result {
199 silly mapToRegistry   raw: 'fs-extra',
199 silly mapToRegistry   scope: null,
199 silly mapToRegistry   escapedName: 'fs-extra',
199 silly mapToRegistry   name: 'fs-extra',
199 silly mapToRegistry   rawSpec: '',
199 silly mapToRegistry   spec: 'latest',
199 silly mapToRegistry   type: 'tag' }
200 silly mapToRegistry uri http://registry.npmjs.org/fs-extra
201 verbose addNameRange registry:http://registry.npmjs.org/fs-extra not in flight; fetching
202 verbose get http://registry.npmjs.org/sumchecker not expired, no request
203 silly addNameRange number 2 { name: 'sumchecker', range: '>=1.2.0 <2.0.0', hasData: true }
204 silly addNameRange versions [ 'sumchecker',
204 silly addNameRange   [ '1.0.0',
204 silly addNameRange     '1.1.0',
204 silly addNameRange     '1.2.0',
204 silly addNameRange     '1.3.0',
204 silly addNameRange     '2.0.0',
204 silly addNameRange     '2.0.1',
204 silly addNameRange     '1.3.1',
204 silly addNameRange     '2.0.2' ] ]
205 silly addNamed sumchecker@1.3.1
206 verbose addNamed "1.3.1" is a plain semver version for sumchecker
207 verbose get http://registry.npmjs.org/fs-extra not expired, no request
208 silly addNameRange number 2 { name: 'fs-extra', range: '>=0.30.0 <0.31.0', hasData: true }
209 silly addNameRange versions [ 'fs-extra',
209 silly addNameRange   [ '0.0.1',
209 silly addNameRange     '0.0.11',
209 silly addNameRange     '0.0.3',
209 silly addNameRange     '0.0.4',
209 silly addNameRange     '0.1.0',
209 silly addNameRange     '0.1.1',
209 silly addNameRange     '0.1.2',
209 silly addNameRange     '0.1.3',
209 silly addNameRange     '0.2.0',
209 silly addNameRange     '0.2.1',
209 silly addNameRange     '0.3.0',
209 silly addNameRange     '0.3.1',
209 silly addNameRange     '0.3.2',
209 silly addNameRange     '0.4.0',
209 silly addNameRange     '0.5.0',
209 silly addNameRange     '0.6.0',
209 silly addNameRange     '0.6.1',
209 silly addNameRange     '0.6.2',
209 silly addNameRange     '0.6.3',
209 silly addNameRange     '0.6.4',
209 silly addNameRange     '0.7.0',
209 silly addNameRange     '0.7.1',
209 silly addNameRange     '0.8.0',
209 silly addNameRange     '0.8.1',
209 silly addNameRange     '0.9.0',
209 silly addNameRange     '0.9.1',
209 silly addNameRange     '0.10.0',
209 silly addNameRange     '0.11.0',
209 silly addNameRange     '0.11.1',
209 silly addNameRange     '0.12.0',
209 silly addNameRange     '0.13.0',
209 silly addNameRange     '0.14.0',
209 silly addNameRange     '0.15.0',
209 silly addNameRange     '0.16.0',
209 silly addNameRange     '0.16.1',
209 silly addNameRange     '0.16.2',
209 silly addNameRange     '0.16.3',
209 silly addNameRange     '0.16.4',
209 silly addNameRange     '0.16.5',
209 silly addNameRange     '0.17.0',
209 silly addNameRange     '0.18.0',
209 silly addNameRange     '0.18.1',
209 silly addNameRange     '0.18.2',
209 silly addNameRange     '0.18.3',
209 silly addNameRange     '0.18.4',
209 silly addNameRange     '0.19.0',
209 silly addNameRange     '0.20.0',
209 silly addNameRange     '0.20.1',
209 silly addNameRange     '0.21.0',
209 silly addNameRange     '0.22.0',
209 silly addNameRange     '0.22.1',
209 silly addNameRange     '0.23.0',
209 silly addNameRange     '0.23.1',
209 silly addNameRange     '0.24.0',
209 silly addNameRange     '0.25.0',
209 silly addNameRange     '0.26.0',
209 silly addNameRange     '0.26.1',
209 silly addNameRange     '0.26.2',
209 silly addNameRange     '0.26.3',
209 silly addNameRange     '0.26.4',
209 silly addNameRange     '0.26.5',
209 silly addNameRange     '0.26.6',
209 silly addNameRange     '0.26.7',
209 silly addNameRange     '0.27.0',
209 silly addNameRange     '0.28.0',
209 silly addNameRange     '0.29.0',
209 silly addNameRange     '0.30.0',
209 silly addNameRange     '1.0.0',
209 silly addNameRange     '2.0.0',
209 silly addNameRange     '2.1.0',
209 silly addNameRange     '2.1.1',
209 silly addNameRange     '2.1.2' ] ]
210 silly addNamed fs-extra@0.30.0
211 verbose addNamed "0.30.0" is a plain semver version for fs-extra
212 silly cache afterAdd sumchecker@1.3.1
213 verbose afterAdd C:\Users\dpriadko\AppData\Roaming\npm-cache\sumchecker\1.3.1\package\package.json not in flight; writing
214 verbose correctMkdir C:\Users\dpriadko\AppData\Roaming\npm-cache correctMkdir not in flight; initializing
215 silly cache afterAdd fs-extra@0.30.0
216 verbose afterAdd C:\Users\dpriadko\AppData\Roaming\npm-cache\fs-extra\0.30.0\package\package.json not in flight; writing
217 verbose correctMkdir C:\Users\dpriadko\AppData\Roaming\npm-cache correctMkdir not in flight; initializing
218 verbose afterAdd C:\Users\dpriadko\AppData\Roaming\npm-cache\sumchecker\1.3.1\package\package.json written
219 verbose afterAdd C:\Users\dpriadko\AppData\Roaming\npm-cache\fs-extra\0.30.0\package\package.json written
220 silly fetchNamedPackageData es6-promise
221 silly mapToRegistry name es6-promise
222 silly mapToRegistry using default registry
223 silly mapToRegistry registry http://registry.npmjs.org/
224 silly mapToRegistry data Result {
224 silly mapToRegistry   raw: 'es6-promise',
224 silly mapToRegistry   scope: null,
224 silly mapToRegistry   escapedName: 'es6-promise',
224 silly mapToRegistry   name: 'es6-promise',
224 silly mapToRegistry   rawSpec: '',
224 silly mapToRegistry   spec: 'latest',
224 silly mapToRegistry   type: 'tag' }
225 silly mapToRegistry uri http://registry.npmjs.org/es6-promise
226 verbose request uri http://registry.npmjs.org/es6-promise
227 verbose request no auth needed
228 info attempt registry request try #1 at 11:50:31 AM
229 verbose etag W/"58d9363c-d86c"
230 verbose lastModified Mon, 27 Mar 2017 15:56:44 GMT
231 http request GET http://registry.npmjs.org/es6-promise
232 http 304 http://registry.npmjs.org/es6-promise
233 verbose headers { date: 'Tue, 28 Mar 2017 08:50:33 GMT',
233 verbose headers   via: '1.1 varnish',
233 verbose headers   'cache-control': 'max-age=300',
233 verbose headers   etag: 'W/"58d9363c-d86c"',
233 verbose headers   age: '3',
233 verbose headers   connection: 'keep-alive',
233 verbose headers   'x-served-by': 'cache-hhn1532-HHN',
233 verbose headers   'x-cache': 'HIT',
233 verbose headers   'x-cache-hits': '1',
233 verbose headers   'x-timer': 'S1490691033.022945,VS0,VE0',
233 verbose headers   vary: 'Accept-Encoding' }
234 silly get cb [ 304,
234 silly get   { date: 'Tue, 28 Mar 2017 08:50:33 GMT',
234 silly get     via: '1.1 varnish',
234 silly get     'cache-control': 'max-age=300',
234 silly get     etag: 'W/"58d9363c-d86c"',
234 silly get     age: '3',
234 silly get     connection: 'keep-alive',
234 silly get     'x-served-by': 'cache-hhn1532-HHN',
234 silly get     'x-cache': 'HIT',
234 silly get     'x-cache-hits': '1',
234 silly get     'x-timer': 'S1490691033.022945,VS0,VE0',
234 silly get     vary: 'Accept-Encoding' } ]
235 verbose etag http://registry.npmjs.org/es6-promise from cache
236 verbose get saving es6-promise to C:\Users\dpriadko\AppData\Roaming\npm-cache\registry.npmjs.org\es6-promise\.cache.json
237 verbose correctMkdir C:\Users\dpriadko\AppData\Roaming\npm-cache correctMkdir not in flight; initializing
238 silly resolveWithNewModule es6-promise@4.1.0 checking installable status
239 silly cache add args [ 'es6-promise@^4.0.5', null ]
240 verbose cache add spec es6-promise@^4.0.5
241 silly cache add parsed spec Result {
241 silly cache add   raw: 'es6-promise@^4.0.5',
241 silly cache add   scope: null,
241 silly cache add   escapedName: 'es6-promise',
241 silly cache add   name: 'es6-promise',
241 silly cache add   rawSpec: '^4.0.5',
241 silly cache add   spec: '>=4.0.5 <5.0.0',
241 silly cache add   type: 'range' }
242 silly addNamed es6-promise@>=4.0.5 <5.0.0
243 verbose addNamed ">=4.0.5 <5.0.0" is a valid semver range for es6-promise
244 silly addNameRange { name: 'es6-promise', range: '>=4.0.5 <5.0.0', hasData: false }
245 silly mapToRegistry name es6-promise
246 silly mapToRegistry using default registry
247 silly mapToRegistry registry http://registry.npmjs.org/
248 silly mapToRegistry data Result {
248 silly mapToRegistry   raw: 'es6-promise',
248 silly mapToRegistry   scope: null,
248 silly mapToRegistry   escapedName: 'es6-promise',
248 silly mapToRegistry   name: 'es6-promise',
248 silly mapToRegistry   rawSpec: '',
248 silly mapToRegistry   spec: 'latest',
248 silly mapToRegistry   type: 'tag' }
249 silly mapToRegistry uri http://registry.npmjs.org/es6-promise
250 verbose addNameRange registry:http://registry.npmjs.org/es6-promise not in flight; fetching
251 verbose get http://registry.npmjs.org/es6-promise not expired, no request
252 silly addNameRange number 2 { name: 'es6-promise', range: '>=4.0.5 <5.0.0', hasData: true }
253 silly addNameRange versions [ 'es6-promise',
253 silly addNameRange   [ '0.1.0',
253 silly addNameRange     '0.1.1',
253 silly addNameRange     '0.1.2',
253 silly addNameRange     '1.0.0',
253 silly addNameRange     '2.0.0',
253 silly addNameRange     '2.0.1',
253 silly addNameRange     '2.1.0',
253 silly addNameRange     '2.1.1',
253 silly addNameRange     '2.2.0',
253 silly addNameRange     '2.3.0',
253 silly addNameRange     '3.0.0',
253 silly addNameRange     '3.0.1',
253 silly addNameRange     '3.0.2',
253 silly addNameRange     '3.1.2',
253 silly addNameRange     '3.2.1',
253 silly addNameRange     '3.3.0',
253 silly addNameRange     '3.3.1',
253 silly addNameRange     '4.0.0',
253 silly addNameRange     '4.0.1',
253 silly addNameRange     '4.0.2',
253 silly addNameRange     '4.0.3',
253 silly addNameRange     '4.0.4',
253 silly addNameRange     '4.0.5',
253 silly addNameRange     '4.1.0' ] ]
254 silly addNamed es6-promise@4.1.0
255 verbose addNamed "4.1.0" is a plain semver version for es6-promise
256 silly cache afterAdd es6-promise@4.1.0
257 verbose afterAdd C:\Users\dpriadko\AppData\Roaming\npm-cache\es6-promise\4.1.0\package\package.json not in flight; writing
258 verbose correctMkdir C:\Users\dpriadko\AppData\Roaming\npm-cache correctMkdir not in flight; initializing
259 verbose afterAdd C:\Users\dpriadko\AppData\Roaming\npm-cache\es6-promise\4.1.0\package\package.json written
260 silly loadAllDepsIntoIdealTree Finishing
261 silly loadIdealTree Finishing
262 silly currentTree kate-diploma@1.0.0
262 silly currentTree +-- abbrev@1.1.0
262 silly currentTree +-- ajv@4.11.5
262 silly currentTree +-- ansi-regex@2.1.1
262 silly currentTree +-- array-find-index@1.0.2
262 silly currentTree +-- asar@0.13.0
262 silly currentTree | `-- glob@6.0.4
262 silly currentTree +-- asn1@0.2.3
262 silly currentTree +-- assert-plus@0.2.0
262 silly currentTree +-- asynckit@0.4.0
262 silly currentTree +-- aws-sign2@0.6.0
262 silly currentTree +-- aws4@1.6.0
262 silly currentTree +-- balanced-match@0.4.2
262 silly currentTree +-- base64-js@1.1.2
262 silly currentTree +-- bcrypt-pbkdf@1.0.1
262 silly currentTree +-- binary@0.3.0
262 silly currentTree +-- bluebird@3.5.0
262 silly currentTree +-- boom@2.10.1
262 silly currentTree +-- brace-expansion@1.1.6
262 silly currentTree +-- buffers@0.1.1
262 silly currentTree +-- builtin-modules@1.1.1
262 silly currentTree +-- camelcase-keys@2.1.0
262 silly currentTree +-- camelcase@2.1.1
262 silly currentTree +-- caseless@0.12.0
262 silly currentTree +-- chainsaw@0.1.0
262 silly currentTree +-- chromium-pickle-js@0.2.0
262 silly currentTree +-- co@4.6.0
262 silly currentTree +-- code-point-at@1.1.0
262 silly currentTree +-- combined-stream@1.0.5
262 silly currentTree +-- commander@2.9.0
262 silly currentTree +-- compare-version@0.1.2
262 silly currentTree +-- concat-map@0.0.1
262 silly currentTree +-- concat-stream@1.5.0
262 silly currentTree | +-- isarray@1.0.0
262 silly currentTree | `-- readable-stream@2.0.6
262 silly currentTree +-- core-util-is@1.0.2
262 silly currentTree +-- cryptiles@2.0.5
262 silly currentTree +-- cuint@0.2.2
262 silly currentTree +-- currently-unhandled@0.4.1
262 silly currentTree +-- dashdash@1.14.1
262 silly currentTree | `-- assert-plus@1.0.0
262 silly currentTree +-- debug@2.6.3
262 silly currentTree +-- decamelize@1.2.0
262 silly currentTree +-- decompress-zip@0.3.0
262 silly currentTree +-- deep-extend@0.4.1
262 silly currentTree +-- delayed-stream@1.0.0
262 silly currentTree +-- ecc-jsbn@0.1.1
262 silly currentTree +-- electron-osx-sign@0.4.4
262 silly currentTree +-- electron-packager@8.6.0
262 silly currentTree | +-- electron-download@4.0.0
262 silly currentTree | +-- fs-extra@2.1.2
262 silly currentTree | +-- path-exists@3.0.0
262 silly currentTree | `-- sumchecker@2.0.2
262 silly currentTree +-- error-ex@1.3.1
262 silly currentTree +-- extend@3.0.0
262 silly currentTree +-- extract-zip@1.6.0
262 silly currentTree | `-- debug@0.7.4
262 silly currentTree +-- extsprintf@1.0.2
262 silly currentTree +-- fd-slicer@1.0.1
262 silly currentTree +-- find-up@1.1.2
262 silly currentTree +-- forever-agent@0.6.1
262 silly currentTree +-- form-data@2.1.2
262 silly currentTree +-- fs.realpath@1.0.0
262 silly currentTree +-- get-package-info@1.0.0
262 silly currentTree | +-- find-up@2.1.0
262 silly currentTree | +-- load-json-file@2.0.0
262 silly currentTree | +-- path-type@2.0.0
262 silly currentTree | +-- read-pkg-up@2.0.0
262 silly currentTree | +-- read-pkg@2.0.0
262 silly currentTree | `-- strip-bom@3.0.0
262 silly currentTree +-- get-stdin@4.0.1
262 silly currentTree +-- getpass@0.1.6
262 silly currentTree | `-- assert-plus@1.0.0
262 silly currentTree +-- glob@7.1.1
262 silly currentTree +-- graceful-fs@4.1.11
262 silly currentTree +-- graceful-readlink@1.0.1
262 silly currentTree +-- har-schema@1.0.5
262 silly currentTree +-- har-validator@4.2.1
262 silly currentTree +-- hawk@3.1.3
262 silly currentTree +-- hoek@2.16.3
262 silly currentTree +-- hosted-git-info@2.4.1
262 silly currentTree +-- http-signature@1.1.1
262 silly currentTree +-- indent-string@2.1.0
262 silly currentTree +-- inflight@1.0.6
262 silly currentTree +-- inherits@2.0.3
262 silly currentTree +-- ini@1.3.4
262 silly currentTree +-- is-arrayish@0.2.1
262 silly currentTree +-- is-builtin-module@1.0.0
262 silly currentTree +-- is-finite@1.0.2
262 silly currentTree +-- is-fullwidth-code-point@1.0.0
262 silly currentTree +-- is-typedarray@1.0.0
262 silly currentTree +-- is-utf8@0.2.1
262 silly currentTree +-- isarray@0.0.1
262 silly currentTree +-- isbinaryfile@3.0.2
262 silly currentTree +-- isstream@0.1.2
262 silly currentTree +-- jodid25519@1.0.2
262 silly currentTree +-- jsbn@0.1.1
262 silly currentTree +-- json-schema@0.2.3
262 silly currentTree +-- json-stable-stringify@1.0.1
262 silly currentTree +-- json-stringify-safe@5.0.1
262 silly currentTree +-- jsonfile@2.4.0
262 silly currentTree +-- jsonify@0.0.0
262 silly currentTree +-- jsprim@1.4.0
262 silly currentTree | `-- assert-plus@1.0.0
262 silly currentTree +-- klaw@1.3.1
262 silly currentTree +-- load-json-file@1.1.0
262 silly currentTree +-- locate-path@2.0.0
262 silly currentTree | `-- path-exists@3.0.0
262 silly currentTree +-- lodash.get@4.4.2
262 silly currentTree +-- loud-rejection@1.6.0
262 silly currentTree +-- map-obj@1.0.1
262 silly currentTree +-- meow@3.7.0
262 silly currentTree +-- mime-db@1.27.0
262 silly currentTree +-- mime-types@2.1.15
262 silly currentTree +-- minimatch@3.0.3
262 silly currentTree +-- minimist@1.2.0
262 silly currentTree +-- mkdirp@0.5.0
262 silly currentTree | `-- minimist@0.0.8
262 silly currentTree +-- mkpath@0.1.0
262 silly currentTree +-- mksnapshot@0.3.1
262 silly currentTree | `-- fs-extra@0.26.7
262 silly currentTree +-- ms@0.7.2
262 silly currentTree +-- nopt@3.0.6
262 silly currentTree +-- normalize-package-data@2.3.6
262 silly currentTree +-- nugget@2.0.1
262 silly currentTree +-- number-is-nan@1.0.1
262 silly currentTree +-- oauth-sign@0.8.2
262 silly currentTree +-- object-assign@4.1.1
262 silly currentTree +-- object-keys@0.4.0
262 silly currentTree +-- once@1.4.0
262 silly currentTree +-- os-tmpdir@1.0.2
262 silly currentTree +-- p-limit@1.1.0
262 silly currentTree +-- p-locate@2.0.0
262 silly currentTree +-- parse-json@2.2.0
262 silly currentTree +-- path-exists@2.1.0
262 silly currentTree +-- path-is-absolute@1.0.1
262 silly currentTree +-- path-parse@1.0.5
262 silly currentTree +-- path-type@1.1.0
262 silly currentTree +-- pend@1.2.0
262 silly currentTree +-- performance-now@0.2.0
262 silly currentTree +-- pify@2.3.0
262 silly currentTree +-- pinkie-promise@2.0.1
262 silly currentTree +-- pinkie@2.0.4
262 silly currentTree +-- plist@2.0.1
262 silly currentTree +-- pretty-bytes@1.0.4
262 silly currentTree +-- process-nextick-args@1.0.7
262 silly currentTree +-- progress-stream@1.2.0
262 silly currentTree +-- punycode@1.4.1
262 silly currentTree +-- q@1.5.0
262 silly currentTree +-- qs@6.4.0
262 silly currentTree +-- rc@1.1.7
262 silly currentTree +-- rcedit@0.8.0
262 silly currentTree +-- read-pkg-up@1.0.1
262 silly currentTree +-- read-pkg@1.1.0
262 silly currentTree +-- readable-stream@1.1.14
262 silly currentTree +-- redent@1.0.0
262 silly currentTree +-- repeating@2.0.1
262 silly currentTree +-- request@2.81.0
262 silly currentTree +-- resolve@1.3.2
262 silly currentTree +-- rimraf@2.6.1
262 silly currentTree +-- run-series@1.1.4
262 silly currentTree +-- safe-buffer@5.0.1
262 silly currentTree +-- sanitize-filename@1.6.1
262 silly currentTree +-- semver@5.3.0
262 silly currentTree +-- signal-exit@3.0.2
262 silly currentTree +-- single-line-log@1.1.2
262 silly currentTree +-- sntp@1.0.9
262 silly currentTree +-- spdx-correct@1.0.2
262 silly currentTree +-- spdx-expression-parse@1.0.4
262 silly currentTree +-- spdx-license-ids@1.2.2
262 silly currentTree +-- speedometer@0.1.4
262 silly currentTree +-- sshpk@1.11.0
262 silly currentTree | `-- assert-plus@1.0.0
262 silly currentTree +-- string_decoder@0.10.31
262 silly currentTree +-- string-width@1.0.2
262 silly currentTree +-- stringstream@0.0.5
262 silly currentTree +-- strip-ansi@3.0.1
262 silly currentTree +-- strip-bom@2.0.0
262 silly currentTree +-- strip-indent@1.0.1
262 silly currentTree +-- strip-json-comments@2.0.1
262 silly currentTree +-- tempfile@1.1.1
262 silly currentTree | `-- uuid@2.0.3
262 silly currentTree +-- throttleit@0.0.2
262 silly currentTree +-- through2@0.2.3
262 silly currentTree +-- tmp@0.0.28
262 silly currentTree +-- touch@0.0.3
262 silly currentTree | `-- nopt@1.0.10
262 silly currentTree +-- tough-cookie@2.3.2
262 silly currentTree +-- traverse@0.3.9
262 silly currentTree +-- trim-newlines@1.0.0
262 silly currentTree +-- truncate-utf8-bytes@1.0.2
262 silly currentTree +-- tunnel-agent@0.6.0
262 silly currentTree +-- tweetnacl@0.14.5
262 silly currentTree +-- typedarray@0.0.6
262 silly currentTree +-- utf8-byte-length@1.0.4
262 silly currentTree +-- util-deprecate@1.0.2
262 silly currentTree +-- uuid@3.0.1
262 silly currentTree +-- validate-npm-package-license@3.0.1
262 silly currentTree +-- verror@1.3.6
262 silly currentTree +-- wrappy@1.0.2
262 silly currentTree +-- xmlbuilder@8.2.2
262 silly currentTree +-- xmldom@0.1.27
262 silly currentTree +-- xtend@2.1.2
262 silly currentTree `-- yauzl@2.4.1
263 silly idealTree kate-diploma@1.0.0
263 silly idealTree +-- abbrev@1.1.0
263 silly idealTree +-- ajv@4.11.5
263 silly idealTree +-- ansi-regex@2.1.1
263 silly idealTree +-- array-find-index@1.0.2
263 silly idealTree +-- asar@0.13.0
263 silly idealTree | `-- glob@6.0.4
263 silly idealTree +-- asn1@0.2.3
263 silly idealTree +-- assert-plus@0.2.0
263 silly idealTree +-- asynckit@0.4.0
263 silly idealTree +-- aws-sign2@0.6.0
263 silly idealTree +-- aws4@1.6.0
263 silly idealTree +-- balanced-match@0.4.2
263 silly idealTree +-- base64-js@1.1.2
263 silly idealTree +-- bcrypt-pbkdf@1.0.1
263 silly idealTree +-- binary@0.3.0
263 silly idealTree +-- bluebird@3.5.0
263 silly idealTree +-- boom@2.10.1
263 silly idealTree +-- brace-expansion@1.1.6
263 silly idealTree +-- buffers@0.1.1
263 silly idealTree +-- builtin-modules@1.1.1
263 silly idealTree +-- camelcase-keys@2.1.0
263 silly idealTree +-- camelcase@2.1.1
263 silly idealTree +-- caseless@0.12.0
263 silly idealTree +-- chainsaw@0.1.0
263 silly idealTree +-- chromium-pickle-js@0.2.0
263 silly idealTree +-- co@4.6.0
263 silly idealTree +-- code-point-at@1.1.0
263 silly idealTree +-- combined-stream@1.0.5
263 silly idealTree +-- commander@2.9.0
263 silly idealTree +-- compare-version@0.1.2
263 silly idealTree +-- concat-map@0.0.1
263 silly idealTree +-- concat-stream@1.5.0
263 silly idealTree | +-- isarray@1.0.0
263 silly idealTree | `-- readable-stream@2.0.6
263 silly idealTree +-- core-util-is@1.0.2
263 silly idealTree +-- cryptiles@2.0.5
263 silly idealTree +-- cuint@0.2.2
263 silly idealTree +-- currently-unhandled@0.4.1
263 silly idealTree +-- dashdash@1.14.1
263 silly idealTree | `-- assert-plus@1.0.0
263 silly idealTree +-- debug@2.6.3
263 silly idealTree +-- decamelize@1.2.0
263 silly idealTree +-- decompress-zip@0.3.0
263 silly idealTree +-- deep-extend@0.4.1
263 silly idealTree +-- delayed-stream@1.0.0
263 silly idealTree +-- ecc-jsbn@0.1.1
263 silly idealTree +-- electron-download@3.3.0
263 silly idealTree +-- electron-osx-sign@0.4.4
263 silly idealTree +-- electron-packager@8.6.0
263 silly idealTree | +-- electron-download@4.0.0
263 silly idealTree | +-- fs-extra@2.1.2
263 silly idealTree | +-- path-exists@3.0.0
263 silly idealTree | `-- sumchecker@2.0.2
263 silly idealTree +-- electron@1.6.2
263 silly idealTree +-- error-ex@1.3.1
263 silly idealTree +-- es6-promise@4.1.0
263 silly idealTree +-- extend@3.0.0
263 silly idealTree +-- extract-zip@1.6.0
263 silly idealTree | `-- debug@0.7.4
263 silly idealTree +-- extsprintf@1.0.2
263 silly idealTree +-- fd-slicer@1.0.1
263 silly idealTree +-- find-up@1.1.2
263 silly idealTree +-- forever-agent@0.6.1
263 silly idealTree +-- form-data@2.1.2
263 silly idealTree +-- fs-extra@0.30.0
263 silly idealTree +-- fs.realpath@1.0.0
263 silly idealTree +-- get-package-info@1.0.0
263 silly idealTree | +-- find-up@2.1.0
263 silly idealTree | +-- load-json-file@2.0.0
263 silly idealTree | +-- path-type@2.0.0
263 silly idealTree | +-- read-pkg-up@2.0.0
263 silly idealTree | +-- read-pkg@2.0.0
263 silly idealTree | `-- strip-bom@3.0.0
263 silly idealTree +-- get-stdin@4.0.1
263 silly idealTree +-- getpass@0.1.6
263 silly idealTree | `-- assert-plus@1.0.0
263 silly idealTree +-- glob@7.1.1
263 silly idealTree +-- graceful-fs@4.1.11
263 silly idealTree +-- graceful-readlink@1.0.1
263 silly idealTree +-- har-schema@1.0.5
263 silly idealTree +-- har-validator@4.2.1
263 silly idealTree +-- hawk@3.1.3
263 silly idealTree +-- hoek@2.16.3
263 silly idealTree +-- home-path@1.0.3
263 silly idealTree +-- hosted-git-info@2.4.1
263 silly idealTree +-- http-signature@1.1.1
263 silly idealTree +-- indent-string@2.1.0
263 silly idealTree +-- inflight@1.0.6
263 silly idealTree +-- inherits@2.0.3
263 silly idealTree +-- ini@1.3.4
263 silly idealTree +-- is-arrayish@0.2.1
263 silly idealTree +-- is-builtin-module@1.0.0
263 silly idealTree +-- is-finite@1.0.2
263 silly idealTree +-- is-fullwidth-code-point@1.0.0
263 silly idealTree +-- is-typedarray@1.0.0
263 silly idealTree +-- is-utf8@0.2.1
263 silly idealTree +-- isarray@0.0.1
263 silly idealTree +-- isbinaryfile@3.0.2
263 silly idealTree +-- isstream@0.1.2
263 silly idealTree +-- jodid25519@1.0.2
263 silly idealTree +-- jsbn@0.1.1
263 silly idealTree +-- json-schema@0.2.3
263 silly idealTree +-- json-stable-stringify@1.0.1
263 silly idealTree +-- json-stringify-safe@5.0.1
263 silly idealTree +-- jsonfile@2.4.0
263 silly idealTree +-- jsonify@0.0.0
263 silly idealTree +-- jsprim@1.4.0
263 silly idealTree | `-- assert-plus@1.0.0
263 silly idealTree +-- klaw@1.3.1
263 silly idealTree +-- load-json-file@1.1.0
263 silly idealTree +-- locate-path@2.0.0
263 silly idealTree | `-- path-exists@3.0.0
263 silly idealTree +-- lodash.get@4.4.2
263 silly idealTree +-- loud-rejection@1.6.0
263 silly idealTree +-- map-obj@1.0.1
263 silly idealTree +-- meow@3.7.0
263 silly idealTree +-- mime-db@1.27.0
263 silly idealTree +-- mime-types@2.1.15
263 silly idealTree +-- minimatch@3.0.3
263 silly idealTree +-- minimist@1.2.0
263 silly idealTree +-- mkdirp@0.5.0
263 silly idealTree | `-- minimist@0.0.8
263 silly idealTree +-- mkpath@0.1.0
263 silly idealTree +-- mksnapshot@0.3.1
263 silly idealTree | `-- fs-extra@0.26.7
263 silly idealTree +-- ms@0.7.2
263 silly idealTree +-- nopt@3.0.6
263 silly idealTree +-- normalize-package-data@2.3.6
263 silly idealTree +-- nugget@2.0.1
263 silly idealTree +-- number-is-nan@1.0.1
263 silly idealTree +-- oauth-sign@0.8.2
263 silly idealTree +-- object-assign@4.1.1
263 silly idealTree +-- object-keys@0.4.0
263 silly idealTree +-- once@1.4.0
263 silly idealTree +-- os-tmpdir@1.0.2
263 silly idealTree +-- p-limit@1.1.0
263 silly idealTree +-- p-locate@2.0.0
263 silly idealTree +-- parse-json@2.2.0
263 silly idealTree +-- path-exists@2.1.0
263 silly idealTree +-- path-is-absolute@1.0.1
263 silly idealTree +-- path-parse@1.0.5
263 silly idealTree +-- path-type@1.1.0
263 silly idealTree +-- pend@1.2.0
263 silly idealTree +-- performance-now@0.2.0
263 silly idealTree +-- pify@2.3.0
263 silly idealTree +-- pinkie-promise@2.0.1
263 silly idealTree +-- pinkie@2.0.4
263 silly idealTree +-- plist@2.0.1
263 silly idealTree +-- pretty-bytes@1.0.4
263 silly idealTree +-- process-nextick-args@1.0.7
263 silly idealTree +-- progress-stream@1.2.0
263 silly idealTree +-- punycode@1.4.1
263 silly idealTree +-- q@1.5.0
263 silly idealTree +-- qs@6.4.0
263 silly idealTree +-- rc@1.1.7
263 silly idealTree +-- rcedit@0.8.0
263 silly idealTree +-- read-pkg-up@1.0.1
263 silly idealTree +-- read-pkg@1.1.0
263 silly idealTree +-- readable-stream@1.1.14
263 silly idealTree +-- redent@1.0.0
263 silly idealTree +-- repeating@2.0.1
263 silly idealTree +-- request@2.81.0
263 silly idealTree +-- resolve@1.3.2
263 silly idealTree +-- rimraf@2.6.1
263 silly idealTree +-- run-series@1.1.4
263 silly idealTree +-- safe-buffer@5.0.1
263 silly idealTree +-- sanitize-filename@1.6.1
263 silly idealTree +-- semver@5.3.0
263 silly idealTree +-- signal-exit@3.0.2
263 silly idealTree +-- single-line-log@1.1.2
263 silly idealTree +-- sntp@1.0.9
263 silly idealTree +-- spdx-correct@1.0.2
263 silly idealTree +-- spdx-expression-parse@1.0.4
263 silly idealTree +-- spdx-license-ids@1.2.2
263 silly idealTree +-- speedometer@0.1.4
263 silly idealTree +-- sshpk@1.11.0
263 silly idealTree | `-- assert-plus@1.0.0
263 silly idealTree +-- string_decoder@0.10.31
263 silly idealTree +-- string-width@1.0.2
263 silly idealTree +-- stringstream@0.0.5
263 silly idealTree +-- strip-ansi@3.0.1
263 silly idealTree +-- strip-bom@2.0.0
263 silly idealTree +-- strip-indent@1.0.1
263 silly idealTree +-- strip-json-comments@2.0.1
263 silly idealTree +-- sumchecker@1.3.1
263 silly idealTree +-- tempfile@1.1.1
263 silly idealTree | `-- uuid@2.0.3
263 silly idealTree +-- throttleit@0.0.2
263 silly idealTree +-- through2@0.2.3
263 silly idealTree +-- tmp@0.0.28
263 silly idealTree +-- touch@0.0.3
263 silly idealTree | `-- nopt@1.0.10
263 silly idealTree +-- tough-cookie@2.3.2
263 silly idealTree +-- traverse@0.3.9
263 silly idealTree +-- trim-newlines@1.0.0
263 silly idealTree +-- truncate-utf8-bytes@1.0.2
263 silly idealTree +-- tunnel-agent@0.6.0
263 silly idealTree +-- tweetnacl@0.14.5
263 silly idealTree +-- typedarray@0.0.6
263 silly idealTree +-- utf8-byte-length@1.0.4
263 silly idealTree +-- util-deprecate@1.0.2
263 silly idealTree +-- uuid@3.0.1
263 silly idealTree +-- validate-npm-package-license@3.0.1
263 silly idealTree +-- verror@1.3.6
263 silly idealTree +-- wrappy@1.0.2
263 silly idealTree +-- xmlbuilder@8.2.2
263 silly idealTree +-- xmldom@0.1.27
263 silly idealTree +-- xtend@2.1.2
263 silly idealTree `-- yauzl@2.4.1
264 silly generateActionsToTake Starting
265 silly install generateActionsToTake
266 silly generateActionsToTake Finishing
267 silly diffTrees action count 6
268 silly diffTrees add es6-promise@4.1.0
269 silly diffTrees add fs-extra@0.30.0
270 silly diffTrees add home-path@1.0.3
271 silly diffTrees add sumchecker@1.3.1
272 silly diffTrees add electron-download@3.3.0
273 silly diffTrees add electron@1.6.2
274 silly decomposeActions action count 48
275 silly decomposeActions fetch es6-promise@4.1.0
276 silly decomposeActions extract es6-promise@4.1.0
277 silly decomposeActions test es6-promise@4.1.0
278 silly decomposeActions preinstall es6-promise@4.1.0
279 silly decomposeActions build es6-promise@4.1.0
280 silly decomposeActions install es6-promise@4.1.0
281 silly decomposeActions postinstall es6-promise@4.1.0
282 silly decomposeActions finalize es6-promise@4.1.0
283 silly decomposeActions fetch fs-extra@0.30.0
284 silly decomposeActions extract fs-extra@0.30.0
285 silly decomposeActions test fs-extra@0.30.0
286 silly decomposeActions preinstall fs-extra@0.30.0
287 silly decomposeActions build fs-extra@0.30.0
288 silly decomposeActions install fs-extra@0.30.0
289 silly decomposeActions postinstall fs-extra@0.30.0
290 silly decomposeActions finalize fs-extra@0.30.0
291 silly decomposeActions fetch home-path@1.0.3
292 silly decomposeActions extract home-path@1.0.3
293 silly decomposeActions test home-path@1.0.3
294 silly decomposeActions preinstall home-path@1.0.3
295 silly decomposeActions build home-path@1.0.3
296 silly decomposeActions install home-path@1.0.3
297 silly decomposeActions postinstall home-path@1.0.3
298 silly decomposeActions finalize home-path@1.0.3
299 silly decomposeActions fetch sumchecker@1.3.1
300 silly decomposeActions extract sumchecker@1.3.1
301 silly decomposeActions test sumchecker@1.3.1
302 silly decomposeActions preinstall sumchecker@1.3.1
303 silly decomposeActions build sumchecker@1.3.1
304 silly decomposeActions install sumchecker@1.3.1
305 silly decomposeActions postinstall sumchecker@1.3.1
306 silly decomposeActions finalize sumchecker@1.3.1
307 silly decomposeActions fetch electron-download@3.3.0
308 silly decomposeActions extract electron-download@3.3.0
309 silly decomposeActions test electron-download@3.3.0
310 silly decomposeActions preinstall electron-download@3.3.0
311 silly decomposeActions build electron-download@3.3.0
312 silly decomposeActions install electron-download@3.3.0
313 silly decomposeActions postinstall electron-download@3.3.0
314 silly decomposeActions finalize electron-download@3.3.0
315 silly decomposeActions fetch electron@1.6.2
316 silly decomposeActions extract electron@1.6.2
317 silly decomposeActions test electron@1.6.2
318 silly decomposeActions preinstall electron@1.6.2
319 silly decomposeActions build electron@1.6.2
320 silly decomposeActions install electron@1.6.2
321 silly decomposeActions postinstall electron@1.6.2
322 silly decomposeActions finalize electron@1.6.2
323 silly runTopLevelLifecycles Starting
324 silly install runPreinstallTopLevelLifecycles
325 silly preinstall kate-diploma@1.0.0 D:\Desktop\IDP\Kate-diploma\kate-diploma-9857163c
326 info lifecycle kate-diploma@1.0.0~preinstall: kate-diploma@1.0.0
327 silly lifecycle kate-diploma@1.0.0~preinstall: no script for preinstall, continuing
328 silly executeActions Starting
329 silly install executeActions
330 silly doSerial global-install 0
331 silly doParallel fetch 6
332 verbose correctMkdir C:\Users\dpriadko\AppData\Roaming\npm-cache\_locks correctMkdir not in flight; initializing
333 verbose lock using C:\Users\dpriadko\AppData\Roaming\npm-cache\_locks\staging-2ac8433794bfb811.lock for D:\Desktop\IDP\Kate-diploma\node_modules\.staging
334 silly doParallel extract 6
335 silly extract es6-promise@4.1.0
336 silly extract fs-extra@0.30.0
337 silly extract home-path@1.0.3
338 silly extract sumchecker@1.3.1
339 silly extract electron-download@3.3.0
340 silly extract electron@1.6.2
341 verbose unbuild node_modules\.staging\home-path-b9b88906
342 verbose unbuild node_modules\.staging\es6-promise-43546f62
343 verbose unbuild node_modules\.staging\sumchecker-ceebc4d0
344 verbose unbuild node_modules\.staging\fs-extra-e03c22bb
345 verbose unbuild node_modules\.staging\electron-download-a90a13df
346 verbose unbuild node_modules\.staging\electron-343a170b
347 silly gentlyRm D:\Desktop\IDP\Kate-diploma\node_modules\.staging\home-path-b9b88906 is being purged from base D:\Desktop\IDP\Kate-diploma
348 verbose gentlyRm don't care about contents; nuking D:\Desktop\IDP\Kate-diploma\node_modules\.staging\home-path-b9b88906
349 silly gentlyRm D:\Desktop\IDP\Kate-diploma\node_modules\.staging\es6-promise-43546f62 is being purged from base D:\Desktop\IDP\Kate-diploma
350 verbose gentlyRm don't care about contents; nuking D:\Desktop\IDP\Kate-diploma\node_modules\.staging\es6-promise-43546f62
351 silly gentlyRm D:\Desktop\IDP\Kate-diploma\node_modules\.staging\sumchecker-ceebc4d0 is being purged from base D:\Desktop\IDP\Kate-diploma
352 verbose gentlyRm don't care about contents; nuking D:\Desktop\IDP\Kate-diploma\node_modules\.staging\sumchecker-ceebc4d0
353 silly gentlyRm D:\Desktop\IDP\Kate-diploma\node_modules\.staging\fs-extra-e03c22bb is being purged from base D:\Desktop\IDP\Kate-diploma
354 verbose gentlyRm don't care about contents; nuking D:\Desktop\IDP\Kate-diploma\node_modules\.staging\fs-extra-e03c22bb
355 verbose tar unpack C:\Users\dpriadko\AppData\Roaming\npm-cache\home-path\1.0.3\package.tgz
356 verbose tar unpacking to D:\Desktop\IDP\Kate-diploma\node_modules\.staging\home-path-b9b88906
357 silly gentlyRm D:\Desktop\IDP\Kate-diploma\node_modules\.staging\home-path-b9b88906 is being purged
358 verbose gentlyRm don't care about contents; nuking D:\Desktop\IDP\Kate-diploma\node_modules\.staging\home-path-b9b88906
359 verbose tar unpack C:\Users\dpriadko\AppData\Roaming\npm-cache\es6-promise\4.1.0\package.tgz
360 verbose tar unpacking to D:\Desktop\IDP\Kate-diploma\node_modules\.staging\es6-promise-43546f62
361 silly gentlyRm D:\Desktop\IDP\Kate-diploma\node_modules\.staging\es6-promise-43546f62 is being purged
362 verbose gentlyRm don't care about contents; nuking D:\Desktop\IDP\Kate-diploma\node_modules\.staging\es6-promise-43546f62
363 verbose tar unpack C:\Users\dpriadko\AppData\Roaming\npm-cache\sumchecker\1.3.1\package.tgz
364 verbose tar unpacking to D:\Desktop\IDP\Kate-diploma\node_modules\.staging\sumchecker-ceebc4d0
365 silly gentlyRm D:\Desktop\IDP\Kate-diploma\node_modules\.staging\sumchecker-ceebc4d0 is being purged
366 verbose gentlyRm don't care about contents; nuking D:\Desktop\IDP\Kate-diploma\node_modules\.staging\sumchecker-ceebc4d0
367 verbose tar unpack C:\Users\dpriadko\AppData\Roaming\npm-cache\fs-extra\0.30.0\package.tgz
368 verbose tar unpacking to D:\Desktop\IDP\Kate-diploma\node_modules\.staging\fs-extra-e03c22bb
369 silly gentlyRm D:\Desktop\IDP\Kate-diploma\node_modules\.staging\fs-extra-e03c22bb is being purged
370 verbose gentlyRm don't care about contents; nuking D:\Desktop\IDP\Kate-diploma\node_modules\.staging\fs-extra-e03c22bb
371 silly gentlyRm D:\Desktop\IDP\Kate-diploma\node_modules\.staging\electron-download-a90a13df is being purged from base D:\Desktop\IDP\Kate-diploma
372 verbose gentlyRm don't care about contents; nuking D:\Desktop\IDP\Kate-diploma\node_modules\.staging\electron-download-a90a13df
373 silly gunzTarPerm modes [ '777', '666' ]
374 silly gunzTarPerm modes [ '777', '666' ]
375 silly gunzTarPerm modes [ '777', '666' ]
376 silly gunzTarPerm modes [ '777', '666' ]
377 verbose tar unpack C:\Users\dpriadko\AppData\Roaming\npm-cache\electron-download\3.3.0\package.tgz
378 verbose tar unpacking to D:\Desktop\IDP\Kate-diploma\node_modules\.staging\electron-download-a90a13df
379 silly gentlyRm D:\Desktop\IDP\Kate-diploma\node_modules\.staging\electron-download-a90a13df is being purged
380 verbose gentlyRm don't care about contents; nuking D:\Desktop\IDP\Kate-diploma\node_modules\.staging\electron-download-a90a13df
381 silly gentlyRm D:\Desktop\IDP\Kate-diploma\node_modules\.staging\electron-343a170b is being purged from base D:\Desktop\IDP\Kate-diploma
382 verbose gentlyRm don't care about contents; nuking D:\Desktop\IDP\Kate-diploma\node_modules\.staging\electron-343a170b
383 silly gunzTarPerm modes [ '777', '666' ]
384 verbose tar unpack C:\Users\dpriadko\AppData\Roaming\npm-cache\electron\1.6.2\package.tgz
385 verbose tar unpacking to D:\Desktop\IDP\Kate-diploma\node_modules\.staging\electron-343a170b
386 silly gentlyRm D:\Desktop\IDP\Kate-diploma\node_modules\.staging\electron-343a170b is being purged
387 verbose gentlyRm don't care about contents; nuking D:\Desktop\IDP\Kate-diploma\node_modules\.staging\electron-343a170b
388 silly gunzTarPerm modes [ '777', '666' ]
389 silly gunzTarPerm extractEntry package.json
390 silly gunzTarPerm modified mode [ 'package.json', 420, 438 ]
391 silly gunzTarPerm extractEntry package.json
392 silly gunzTarPerm modified mode [ 'package.json', 420, 438 ]
393 silly gunzTarPerm extractEntry package.json
394 silly gunzTarPerm modified mode [ 'package.json', 420, 438 ]
395 silly gunzTarPerm extractEntry package.json
396 silly gunzTarPerm modified mode [ 'package.json', 420, 438 ]
397 silly gunzTarPerm extractEntry package.json
398 silly gunzTarPerm modified mode [ 'package.json', 420, 438 ]
399 silly gunzTarPerm extractEntry
400 silly gunzTarPerm modified mode [ '', 509, 511 ]
401 silly gunzTarPerm extractEntry README.md
402 silly gunzTarPerm modified mode [ 'README.md', 420, 438 ]
403 silly gunzTarPerm extractEntry LICENSE
404 silly gunzTarPerm modified mode [ 'LICENSE', 420, 438 ]
405 silly gunzTarPerm extractEntry .npmignore
406 silly gunzTarPerm modified mode [ '.npmignore', 420, 438 ]
407 silly gunzTarPerm extractEntry README.md
408 silly gunzTarPerm modified mode [ 'README.md', 420, 438 ]
409 silly gunzTarPerm extractEntry README.md
410 silly gunzTarPerm modified mode [ 'README.md', 420, 438 ]
411 silly gunzTarPerm extractEntry LICENSE
412 silly gunzTarPerm modified mode [ 'LICENSE', 420, 438 ]
413 silly gunzTarPerm extractEntry .npmignore
414 silly gunzTarPerm modified mode [ '.npmignore', 420, 438 ]
415 silly gunzTarPerm extractEntry README.md
416 silly gunzTarPerm modified mode [ 'README.md', 420, 438 ]
417 silly gunzTarPerm extractEntry collaborators.md
418 silly gunzTarPerm modified mode [ 'collaborators.md', 420, 438 ]
419 silly gunzTarPerm extractEntry build/cli.js
420 silly gunzTarPerm modified mode [ 'build/cli.js', 420, 438 ]
421 silly gunzTarPerm extractEntry .gitignore
422 silly gunzTarPerm modified mode [ '.gitignore', 436, 438 ]
423 silly gunzTarPerm extractEntry .npmignore
424 silly gunzTarPerm modified mode [ '.npmignore', 436, 438 ]
425 silly gunzTarPerm extractEntry .travis.yml
426 silly gunzTarPerm modified mode [ '.travis.yml', 436, 438 ]
427 silly gunzTarPerm extractEntry LICENSE
428 silly gunzTarPerm modified mode [ 'LICENSE', 420, 438 ]
429 silly gunzTarPerm extractEntry jsdoc2md/README.hbs
430 silly gunzTarPerm modified mode [ 'jsdoc2md/README.hbs', 420, 438 ]
431 silly gunzTarPerm extractEntry LICENSE
432 silly gunzTarPerm modified mode [ 'LICENSE', 420, 438 ]
433 silly gunzTarPerm extractEntry build/index.js
434 silly gunzTarPerm modified mode [ 'build/index.js', 420, 438 ]
435 silly gunzTarPerm extractEntry readme.md
436 silly gunzTarPerm modified mode [ 'readme.md', 420, 438 ]
437 silly gunzTarPerm extractEntry auto.js
438 silly gunzTarPerm modified mode [ 'auto.js', 420, 438 ]
439 silly gunzTarPerm extractEntry CHANGELOG.md
440 silly gunzTarPerm modified mode [ 'CHANGELOG.md', 420, 438 ]
441 silly gunzTarPerm extractEntry CONTRIBUTING.md
442 silly gunzTarPerm modified mode [ 'CONTRIBUTING.md', 436, 438 ]
443 silly gunzTarPerm extractEntry LICENSE
444 silly gunzTarPerm modified mode [ 'LICENSE', 436, 438 ]
445 silly gunzTarPerm extractEntry build.js
446 silly gunzTarPerm modified mode [ 'build.js', 420, 438 ]
447 silly gunzTarPerm extractEntry lib/home-path.js
448 silly gunzTarPerm modified mode [ 'lib/home-path.js', 420, 438 ]
449 silly gunzTarPerm extractEntry .travis.yml
450 silly gunzTarPerm modified mode [ '.travis.yml', 420, 438 ]
451 silly gunzTarPerm extractEntry CHANGELOG.md
452 silly gunzTarPerm modified mode [ 'CHANGELOG.md', 420, 438 ]
453 silly gunzTarPerm extractEntry lib/index.js
454 silly gunzTarPerm modified mode [ 'lib/index.js', 420, 438 ]
455 silly gunzTarPerm extractEntry lib/json/index.js
456 silly gunzTarPerm modified mode [ 'lib/json/index.js', 420, 438 ]
457 silly gunzTarPerm extractEntry README.md
458 silly gunzTarPerm modified mode [ 'README.md', 436, 438 ]
459 silly gunzTarPerm extractEntry appveyor.yml
460 silly gunzTarPerm modified mode [ 'appveyor.yml', 436, 438 ]
461 silly gunzTarPerm extractEntry dist/es6-promise.auto.js
462 silly gunzTarPerm modified mode [ 'dist/es6-promise.auto.js', 420, 438 ]
463 silly gunzTarPerm extractEntry NEWS.md
464 silly gunzTarPerm modified mode [ 'NEWS.md', 420, 438 ]
465 silly gunzTarPerm extractEntry dist/es6-promise.auto.min.js
466 silly gunzTarPerm modified mode [ 'dist/es6-promise.auto.min.js', 420, 438 ]
467 silly gunzTarPerm extractEntry cli.js
468 silly gunzTarPerm modified mode [ 'cli.js', 509, 511 ]
469 silly gunzTarPerm extractEntry index.js
470 silly gunzTarPerm modified mode [ 'index.js', 436, 438 ]
471 silly gunzTarPerm extractEntry dist/es6-promise.js
472 silly gunzTarPerm modified mode [ 'dist/es6-promise.js', 420, 438 ]
473 silly gunzTarPerm extractEntry dist/es6-promise.min.js
474 silly gunzTarPerm modified mode [ 'dist/es6-promise.min.js', 420, 438 ]
475 silly gunzTarPerm extractEntry test/test.js
476 silly gunzTarPerm modified mode [ 'test/test.js', 420, 438 ]
477 silly gunzTarPerm extractEntry install.js
478 silly gunzTarPerm modified mode [ 'install.js', 509, 511 ]
479 silly gunzTarPerm extractEntry issue_template.md
480 silly gunzTarPerm modified mode [ 'issue_template.md', 436, 438 ]
481 silly gunzTarPerm extractEntry package.json
482 silly gunzTarPerm modified mode [ 'package.json', 436, 438 ]
483 silly gunzTarPerm extractEntry test/
484 silly gunzTarPerm modified mode [ 'test/', 509, 511 ]
485 silly gunzTarPerm extractEntry test/errors.js
486 silly gunzTarPerm modified mode [ 'test/errors.js', 436, 438 ]
487 silly gunzTarPerm extractEntry test/index.js
488 silly gunzTarPerm modified mode [ 'test/index.js', 436, 438 ]
489 silly gunzTarPerm extractEntry lib/json/jsonfile.js
490 silly gunzTarPerm modified mode [ 'lib/json/jsonfile.js', 420, 438 ]
491 silly gunzTarPerm extractEntry lib/json/output-json-sync.js
492 silly gunzTarPerm modified mode [ 'lib/json/output-json-sync.js', 420, 438 ]
493 silly gunzTarPerm extractEntry dist/es6-promise.auto.map
494 silly gunzTarPerm modified mode [ 'dist/es6-promise.auto.map', 420, 438 ]
495 silly gunzTarPerm extractEntry dist/es6-promise.auto.min.map
496 silly gunzTarPerm modified mode [ 'dist/es6-promise.auto.min.map', 420, 438 ]
497 silly gunzTarPerm extractEntry lib/json/output-json.js
498 silly gunzTarPerm modified mode [ 'lib/json/output-json.js', 420, 438 ]
499 silly gunzTarPerm extractEntry lib/copy-sync/copy-file-sync.js
500 silly gunzTarPerm modified mode [ 'lib/copy-sync/copy-file-sync.js', 420, 438 ]
501 silly gunzTarPerm extractEntry lib/copy-sync/copy-sync.js
502 silly gunzTarPerm modified mode [ 'lib/copy-sync/copy-sync.js', 420, 438 ]
503 silly gunzTarPerm extractEntry lib/copy-sync/index.js
504 silly gunzTarPerm modified mode [ 'lib/copy-sync/index.js', 420, 438 ]
505 silly gunzTarPerm extractEntry lib/empty/index.js
506 silly gunzTarPerm modified mode [ 'lib/empty/index.js', 420, 438 ]
507 silly gunzTarPerm extractEntry dist/es6-promise.map
508 silly gunzTarPerm modified mode [ 'dist/es6-promise.map', 420, 438 ]
509 silly gunzTarPerm extractEntry dist/es6-promise.min.map
510 silly gunzTarPerm modified mode [ 'dist/es6-promise.min.map', 420, 438 ]
511 silly gunzTarPerm extractEntry es6-promise.d.ts
512 silly gunzTarPerm modified mode [ 'es6-promise.d.ts', 420, 438 ]
513 silly gunzTarPerm extractEntry lib/es6-promise.auto.js
514 silly gunzTarPerm modified mode [ 'lib/es6-promise.auto.js', 420, 438 ]
515 silly gunzTarPerm extractEntry lib/ensure/file.js
516 silly gunzTarPerm modified mode [ 'lib/ensure/file.js', 420, 438 ]
517 silly gunzTarPerm extractEntry lib/ensure/index.js
518 silly gunzTarPerm modified mode [ 'lib/ensure/index.js', 420, 438 ]
519 silly gunzTarPerm extractEntry lib/ensure/link.js
520 silly gunzTarPerm modified mode [ 'lib/ensure/link.js', 420, 438 ]
521 silly gunzTarPerm extractEntry lib/ensure/symlink-paths.js
522 silly gunzTarPerm modified mode [ 'lib/ensure/symlink-paths.js', 420, 438 ]
523 silly gentlyRm D:\Desktop\IDP\Kate-diploma\node_modules\.staging\sumchecker-ceebc4d0\node_modules is being purged
524 verbose gentlyRm don't care about contents; nuking D:\Desktop\IDP\Kate-diploma\node_modules\.staging\sumchecker-ceebc4d0\node_modules
525 silly gentlyRm D:\Desktop\IDP\Kate-diploma\node_modules\.staging\electron-download-a90a13df\node_modules is being purged
526 verbose gentlyRm don't care about contents; nuking D:\Desktop\IDP\Kate-diploma\node_modules\.staging\electron-download-a90a13df\node_modules
527 silly gentlyRm D:\Desktop\IDP\Kate-diploma\node_modules\.staging\home-path-b9b88906\node_modules is being purged
528 verbose gentlyRm don't care about contents; nuking D:\Desktop\IDP\Kate-diploma\node_modules\.staging\home-path-b9b88906\node_modules
529 silly gunzTarPerm extractEntry lib/ensure/symlink-type.js
530 silly gunzTarPerm modified mode [ 'lib/ensure/symlink-type.js', 420, 438 ]
531 silly gunzTarPerm extractEntry lib/ensure/symlink.js
532 silly gunzTarPerm modified mode [ 'lib/ensure/symlink.js', 420, 438 ]
533 silly gunzTarPerm extractEntry lib/copy/copy.js
534 silly gunzTarPerm modified mode [ 'lib/copy/copy.js', 420, 438 ]
535 silly gunzTarPerm extractEntry lib/copy/index.js
536 silly gunzTarPerm modified mode [ 'lib/copy/index.js', 420, 438 ]
537 silly gunzTarPerm extractEntry lib/es6-promise.js
538 silly gunzTarPerm modified mode [ 'lib/es6-promise.js', 420, 438 ]
539 silly gunzTarPerm extractEntry lib/es6-promise/-internal.js
540 silly gunzTarPerm modified mode [ 'lib/es6-promise/-internal.js', 420, 438 ]
541 silly gunzTarPerm extractEntry lib/copy/ncp.js
542 silly gunzTarPerm modified mode [ 'lib/copy/ncp.js', 420, 438 ]
543 silly gunzTarPerm extractEntry lib/mkdirs/index.js
544 silly gunzTarPerm modified mode [ 'lib/mkdirs/index.js', 420, 438 ]
545 silly gunzTarPerm extractEntry lib/mkdirs/mkdirs-sync.js
546 silly gunzTarPerm modified mode [ 'lib/mkdirs/mkdirs-sync.js', 420, 438 ]
547 silly gunzTarPerm extractEntry lib/mkdirs/mkdirs.js
548 silly gunzTarPerm modified mode [ 'lib/mkdirs/mkdirs.js', 420, 438 ]
549 silly gunzTarPerm extractEntry lib/mkdirs/win32.js
550 silly gunzTarPerm modified mode [ 'lib/mkdirs/win32.js', 420, 438 ]
551 silly gunzTarPerm extractEntry lib/move/index.js
552 silly gunzTarPerm modified mode [ 'lib/move/index.js', 420, 438 ]
553 silly gunzTarPerm extractEntry lib/output/index.js
554 silly gunzTarPerm modified mode [ 'lib/output/index.js', 420, 438 ]
555 silly gunzTarPerm extractEntry lib/remove/index.js
556 silly gunzTarPerm modified mode [ 'lib/remove/index.js', 420, 438 ]
557 silly gunzTarPerm extractEntry lib/util/assign.js
558 silly gunzTarPerm modified mode [ 'lib/util/assign.js', 420, 438 ]
559 silly gunzTarPerm extractEntry lib/util/utimes.js
560 silly gunzTarPerm modified mode [ 'lib/util/utimes.js', 420, 438 ]
561 silly gunzTarPerm extractEntry lib/walk/index.js
562 silly gunzTarPerm modified mode [ 'lib/walk/index.js', 420, 438 ]
563 silly gentlyRm D:\Desktop\IDP\Kate-diploma\node_modules\.staging\electron-343a170b\node_modules is being purged
564 verbose gentlyRm don't care about contents; nuking D:\Desktop\IDP\Kate-diploma\node_modules\.staging\electron-343a170b\node_modules
565 silly gunzTarPerm extractEntry lib/es6-promise/asap.js
566 silly gunzTarPerm modified mode [ 'lib/es6-promise/asap.js', 420, 438 ]
567 silly gunzTarPerm extractEntry lib/es6-promise/enumerator.js
568 silly gunzTarPerm modified mode [ 'lib/es6-promise/enumerator.js', 420, 438 ]
569 silly gunzTarPerm extractEntry lib/es6-promise/polyfill.js
570 silly gunzTarPerm modified mode [ 'lib/es6-promise/polyfill.js', 420, 438 ]
571 silly gunzTarPerm extractEntry lib/es6-promise/promise.js
572 silly gunzTarPerm modified mode [ 'lib/es6-promise/promise.js', 420, 438 ]
573 silly gunzTarPerm extractEntry lib/es6-promise/then.js
574 silly gunzTarPerm modified mode [ 'lib/es6-promise/then.js', 420, 438 ]
575 silly gunzTarPerm extractEntry lib/es6-promise/utils.js
576 silly gunzTarPerm modified mode [ 'lib/es6-promise/utils.js', 420, 438 ]
577 silly gunzTarPerm extractEntry lib/es6-promise/promise/all.js
578 silly gunzTarPerm modified mode [ 'lib/es6-promise/promise/all.js', 420, 438 ]
579 silly gunzTarPerm extractEntry lib/es6-promise/promise/race.js
580 silly gunzTarPerm modified mode [ 'lib/es6-promise/promise/race.js', 420, 438 ]
581 silly gunzTarPerm extractEntry lib/es6-promise/promise/reject.js
582 silly gunzTarPerm modified mode [ 'lib/es6-promise/promise/reject.js', 420, 438 ]
583 silly gunzTarPerm extractEntry lib/es6-promise/promise/resolve.js
584 silly gunzTarPerm modified mode [ 'lib/es6-promise/promise/resolve.js', 420, 438 ]
585 silly gentlyRm D:\Desktop\IDP\Kate-diploma\node_modules\.staging\fs-extra-e03c22bb\node_modules is being purged
586 verbose gentlyRm don't care about contents; nuking D:\Desktop\IDP\Kate-diploma\node_modules\.staging\fs-extra-e03c22bb\node_modules
587 silly gentlyRm D:\Desktop\IDP\Kate-diploma\node_modules\.staging\es6-promise-43546f62\node_modules is being purged
588 verbose gentlyRm don't care about contents; nuking D:\Desktop\IDP\Kate-diploma\node_modules\.staging\es6-promise-43546f62\node_modules
589 silly doParallel preinstall 6
590 silly preinstall es6-promise@4.1.0 D:\Desktop\IDP\Kate-diploma\node_modules\.staging\es6-promise-43546f62
591 info lifecycle es6-promise@4.1.0~preinstall: es6-promise@4.1.0
592 silly preinstall fs-extra@0.30.0 D:\Desktop\IDP\Kate-diploma\node_modules\.staging\fs-extra-e03c22bb
593 info lifecycle fs-extra@0.30.0~preinstall: fs-extra@0.30.0
594 silly preinstall home-path@1.0.3 D:\Desktop\IDP\Kate-diploma\node_modules\.staging\home-path-b9b88906
595 info lifecycle home-path@1.0.3~preinstall: home-path@1.0.3
596 silly preinstall sumchecker@1.3.1 D:\Desktop\IDP\Kate-diploma\node_modules\.staging\sumchecker-ceebc4d0
597 info lifecycle sumchecker@1.3.1~preinstall: sumchecker@1.3.1
598 silly preinstall electron-download@3.3.0 D:\Desktop\IDP\Kate-diploma\node_modules\.staging\electron-download-a90a13df
599 info lifecycle electron-download@3.3.0~preinstall: electron-download@3.3.0
600 silly preinstall electron@1.6.2 D:\Desktop\IDP\Kate-diploma\node_modules\.staging\electron-343a170b
601 info lifecycle electron@1.6.2~preinstall: electron@1.6.2
602 silly lifecycle es6-promise@4.1.0~preinstall: no script for preinstall, continuing
603 silly lifecycle fs-extra@0.30.0~preinstall: no script for preinstall, continuing
604 silly lifecycle home-path@1.0.3~preinstall: no script for preinstall, continuing
605 silly lifecycle sumchecker@1.3.1~preinstall: no script for preinstall, continuing
606 silly lifecycle electron-download@3.3.0~preinstall: no script for preinstall, continuing
607 silly lifecycle electron@1.6.2~preinstall: no script for preinstall, continuing
608 silly doReverseSerial remove 0
609 silly doSerial move 0
610 silly doSerial finalize 6
611 silly finalize D:\Desktop\IDP\Kate-diploma\node_modules\es6-promise
612 silly finalize D:\Desktop\IDP\Kate-diploma\node_modules\fs-extra
613 silly finalize D:\Desktop\IDP\Kate-diploma\node_modules\home-path
614 silly finalize D:\Desktop\IDP\Kate-diploma\node_modules\sumchecker
615 silly finalize D:\Desktop\IDP\Kate-diploma\node_modules\electron-download
616 silly finalize D:\Desktop\IDP\Kate-diploma\node_modules\electron
617 silly doSerial build 6
618 silly build es6-promise@4.1.0
619 info linkStuff es6-promise@4.1.0
620 silly linkStuff es6-promise@4.1.0 has D:\Desktop\IDP\Kate-diploma\node_modules as its parent node_modules
621 verbose linkBins es6-promise@4.1.0
622 verbose linkMans es6-promise@4.1.0
623 silly build fs-extra@0.30.0
624 info linkStuff fs-extra@0.30.0
625 silly linkStuff fs-extra@0.30.0 has D:\Desktop\IDP\Kate-diploma\node_modules as its parent node_modules
626 verbose linkBins fs-extra@0.30.0
627 verbose linkMans fs-extra@0.30.0
628 silly build home-path@1.0.3
629 info linkStuff home-path@1.0.3
630 silly linkStuff home-path@1.0.3 has D:\Desktop\IDP\Kate-diploma\node_modules as its parent node_modules
631 verbose linkBins home-path@1.0.3
632 verbose linkMans home-path@1.0.3
633 silly build sumchecker@1.3.1
634 info linkStuff sumchecker@1.3.1
635 silly linkStuff sumchecker@1.3.1 has D:\Desktop\IDP\Kate-diploma\node_modules as its parent node_modules
636 verbose linkBins sumchecker@1.3.1
637 verbose linkMans sumchecker@1.3.1
638 silly build electron-download@3.3.0
639 info linkStuff electron-download@3.3.0
640 silly linkStuff electron-download@3.3.0 has D:\Desktop\IDP\Kate-diploma\node_modules as its parent node_modules
641 verbose linkBins electron-download@3.3.0
642 verbose link bins [ { 'electron-download': 'build/cli.js' },
642 verbose link bins   'D:\\Desktop\\IDP\\Kate-diploma\\node_modules\\.bin',
642 verbose link bins   false ]
643 verbose linkMans electron-download@3.3.0
644 silly build electron@1.6.2
645 info linkStuff electron@1.6.2
646 silly linkStuff electron@1.6.2 has D:\Desktop\IDP\Kate-diploma\node_modules as its parent node_modules
647 verbose linkBins electron@1.6.2
648 verbose link bins [ { electron: 'cli.js' },
648 verbose link bins   'D:\\Desktop\\IDP\\Kate-diploma\\node_modules\\.bin',
648 verbose link bins   false ]
649 verbose linkMans electron@1.6.2
650 silly doSerial global-link 0
651 silly doParallel update-linked 0
652 silly doSerial install 6
653 silly install es6-promise@4.1.0 D:\Desktop\IDP\Kate-diploma\node_modules\.staging\es6-promise-43546f62
654 info lifecycle es6-promise@4.1.0~install: es6-promise@4.1.0
655 silly lifecycle es6-promise@4.1.0~install: no script for install, continuing
656 silly install fs-extra@0.30.0 D:\Desktop\IDP\Kate-diploma\node_modules\.staging\fs-extra-e03c22bb
657 info lifecycle fs-extra@0.30.0~install: fs-extra@0.30.0
658 silly lifecycle fs-extra@0.30.0~install: no script for install, continuing
659 silly install home-path@1.0.3 D:\Desktop\IDP\Kate-diploma\node_modules\.staging\home-path-b9b88906
660 info lifecycle home-path@1.0.3~install: home-path@1.0.3
661 silly lifecycle home-path@1.0.3~install: no script for install, continuing
662 silly install sumchecker@1.3.1 D:\Desktop\IDP\Kate-diploma\node_modules\.staging\sumchecker-ceebc4d0
663 info lifecycle sumchecker@1.3.1~install: sumchecker@1.3.1
664 silly lifecycle sumchecker@1.3.1~install: no script for install, continuing
665 silly install electron-download@3.3.0 D:\Desktop\IDP\Kate-diploma\node_modules\.staging\electron-download-a90a13df
666 info lifecycle electron-download@3.3.0~install: electron-download@3.3.0
667 silly lifecycle electron-download@3.3.0~install: no script for install, continuing
668 silly install electron@1.6.2 D:\Desktop\IDP\Kate-diploma\node_modules\.staging\electron-343a170b
669 info lifecycle electron@1.6.2~install: electron@1.6.2
670 silly lifecycle electron@1.6.2~install: no script for install, continuing
671 silly doSerial postinstall 6
672 silly postinstall es6-promise@4.1.0 D:\Desktop\IDP\Kate-diploma\node_modules\.staging\es6-promise-43546f62
673 info lifecycle es6-promise@4.1.0~postinstall: es6-promise@4.1.0
674 silly lifecycle es6-promise@4.1.0~postinstall: no script for postinstall, continuing
675 silly postinstall fs-extra@0.30.0 D:\Desktop\IDP\Kate-diploma\node_modules\.staging\fs-extra-e03c22bb
676 info lifecycle fs-extra@0.30.0~postinstall: fs-extra@0.30.0
677 silly lifecycle fs-extra@0.30.0~postinstall: no script for postinstall, continuing
678 silly postinstall home-path@1.0.3 D:\Desktop\IDP\Kate-diploma\node_modules\.staging\home-path-b9b88906
679 info lifecycle home-path@1.0.3~postinstall: home-path@1.0.3
680 silly lifecycle home-path@1.0.3~postinstall: no script for postinstall, continuing
681 silly postinstall sumchecker@1.3.1 D:\Desktop\IDP\Kate-diploma\node_modules\.staging\sumchecker-ceebc4d0
682 info lifecycle sumchecker@1.3.1~postinstall: sumchecker@1.3.1
683 silly lifecycle sumchecker@1.3.1~postinstall: no script for postinstall, continuing
684 silly postinstall electron-download@3.3.0 D:\Desktop\IDP\Kate-diploma\node_modules\.staging\electron-download-a90a13df
685 info lifecycle electron-download@3.3.0~postinstall: electron-download@3.3.0
686 silly lifecycle electron-download@3.3.0~postinstall: no script for postinstall, continuing
687 silly postinstall electron@1.6.2 D:\Desktop\IDP\Kate-diploma\node_modules\.staging\electron-343a170b
688 info lifecycle electron@1.6.2~postinstall: electron@1.6.2
689 verbose lifecycle electron@1.6.2~postinstall: unsafe-perm in lifecycle true
690 verbose lifecycle electron@1.6.2~postinstall: PATH: C:\Program Files\nodejs\node_modules\npm\bin\node-gyp-bin;D:\Desktop\IDP\Kate-diploma\node_modules\electron\node_modules\.bin;D:\Desktop\IDP\Kate-diploma\node_modules\.bin;C:\Program Files\ConEmu;C:\Program Files\ConEmu\ConEmu;C:\ProgramData\Oracle\Java\javapath;C:\Windows\system32;C:\Windows;C:\Windows\System32\Wbem;C:\Windows\System32\WindowsPowerShell\v1.0\;C:\Program Files (x86)\Intel\OpenCL SDK\2.0\bin\x86;C:\Program Files (x86)\Intel\OpenCL SDK\2.0\bin\x64;C:\Program Files (x86)\apache-maven-3.3.3\bin;C:\Program Files (x86)\Git\cmd;C:\apache-tomcat-7.0.62\bin;C:\Program Files (x86)\Skype\Phone\;C:\Python27;C:\Program Files\Microsoft SQL Server\110\Tools\Binn\;C:\Program Files\Git\cmd;C:\Users\dpriadko\AppData\Roaming\npm;C:\Program Files (x86)\Microsoft VS Code\bin;C:\adb;C:\Program Files\TortoiseSVN\bin;C:\Program Files\nodejs\;C:\Program Files (x86)\Microsoft VS Code\bin;C:\Users\dpriadko\AppData\Roaming\npm;C:\Program Files\Heroku\bin
691 verbose lifecycle electron@1.6.2~postinstall: CWD: D:\Desktop\IDP\Kate-diploma\node_modules\electron
692 silly lifecycle electron@1.6.2~postinstall: Args: [ '/d /s /c', 'node install.js' ]
693 silly lifecycle electron@1.6.2~postinstall: Returned: code: 1  signal: null
694 info lifecycle electron@1.6.2~postinstall: Failed to exec postinstall script
695 verbose unlock done using C:\Users\dpriadko\AppData\Roaming\npm-cache\_locks\staging-2ac8433794bfb811.lock for D:\Desktop\IDP\Kate-diploma\node_modules\.staging
696 silly rollbackFailedOptional Starting
697 silly rollbackFailedOptional Finishing
698 silly runTopLevelLifecycles Finishing
699 silly install printInstalled
700 warn kate-diploma@1.0.0 No description
701 verbose If you need help, you may report this error at:
701 verbose     <https://github.com/npm/npm/issues>
702 verbose stack Error: electron@1.6.2 postinstall: `node install.js`
702 verbose stack Exit status 1
702 verbose stack     at EventEmitter.<anonymous> (C:\Program Files\nodejs\node_modules\npm\lib\utils\lifecycle.js:255:16)
702 verbose stack     at emitTwo (events.js:106:13)
702 verbose stack     at EventEmitter.emit (events.js:191:7)
702 verbose stack     at ChildProcess.<anonymous> (C:\Program Files\nodejs\node_modules\npm\lib\utils\spawn.js:40:14)
702 verbose stack     at emitTwo (events.js:106:13)
702 verbose stack     at ChildProcess.emit (events.js:191:7)
702 verbose stack     at maybeClose (internal/child_process.js:877:16)
702 verbose stack     at Process.ChildProcess._handle.onexit (internal/child_process.js:226:5)
703 verbose pkgid electron@1.6.2
704 verbose cwd D:\Desktop\IDP\Kate-diploma
705 error Windows_NT 6.1.7601
706 error argv "C:\\Program Files\\nodejs\\node.exe" "C:\\Program Files\\nodejs\\node_modules\\npm\\bin\\npm-cli.js" "i"
707 error node v6.9.1
708 error npm  v3.10.8
709 error code ELIFECYCLE
710 error electron@1.6.2 postinstall: `node install.js`
710 error Exit status 1
711 error Failed at the electron@1.6.2 postinstall script 'node install.js'.
711 error Make sure you have the latest version of node.js and npm installed.
711 error If you do, this is most likely a problem with the electron package,
711 error not with npm itself.
711 error Tell the author that this fails on your system:
711 error     node install.js
711 error You can get information on how to open an issue for this project with:
711 error     npm bugs electron
711 error Or if that isn't available, you can get their info via:
711 error     npm owner ls electron
711 error There is likely additional logging output above.
712 verbose exit [ 1, true ]
